--------------------------------------------------------------------------------
Release 14.2 Trace  (nt64)
Copyright (c) 1995-2012 Xilinx, Inc.  All rights reserved.

C:\Xilinx\14.2\ISE_DS\ISE\bin\nt64\unwrapped\trce.exe -intstyle ise -v 3 -s 3
-n 3 -fastpaths -xml Verilog.twx Verilog.ncd -o Verilog.twr Verilog.pcf -ucf
verilog1.ucf -ucf verilogtry2lab1.ucf

Design file:              Verilog.ncd
Physical constraint file: Verilog.pcf
Device,package,speed:     xc6slx16,csg324,C,-3 (PRODUCTION 1.22 2012-07-09)
Report level:             verbose report

Environment Variable      Effect 
--------------------      ------ 
NONE                      No environment variables were set
--------------------------------------------------------------------------------

INFO:Timing:2698 - No timing constraints found, doing default enumeration.
INFO:Timing:3412 - To improve timing, see the Timing Closure User Guide (UG612).
INFO:Timing:2752 - To get complete path coverage, use the unconstrained paths 
   option. All paths that are not constrained will be reported in the 
   unconstrained paths section(s) of the report.
INFO:Timing:3339 - The clock-to-out numbers in this timing report are based on 
   a 50 Ohm transmission line loading model.  For the details of this model, 
   and for more information on accounting for different loading conditions, 
   please see the device datasheet.



Data Sheet report:
-----------------
All values displayed in nanoseconds (ns)

Pad to Pad
---------------+---------------+---------+
Source Pad     |Destination Pad|  Delay  |
---------------+---------------+---------+
a<0>           |C<0>           |   14.539|
a<0>           |C<1>           |   24.096|
a<0>           |C<2>           |   30.274|
a<0>           |Cout           |   36.920|
a<0>           |S<0>           |    7.486|
a<0>           |S<1>           |   17.580|
a<0>           |S<2>           |   24.964|
a<0>           |S<3>           |   33.523|
a<0>           |V              |   38.355|
a<1>           |C<1>           |   13.217|
a<1>           |C<2>           |   19.395|
a<1>           |Cout           |   26.041|
a<1>           |S<1>           |    7.647|
a<1>           |S<2>           |   14.085|
a<1>           |S<3>           |   22.644|
a<1>           |V              |   27.476|
a<2>           |C<2>           |   11.970|
a<2>           |Cout           |   18.616|
a<2>           |S<2>           |    7.800|
a<2>           |S<3>           |   15.219|
a<2>           |V              |   20.051|
a<3>           |Cout           |   13.343|
a<3>           |S<3>           |    7.852|
a<3>           |V              |   14.778|
b<0>           |Bcom<0>        |    7.471|
b<0>           |C<0>           |   16.007|
b<0>           |C<1>           |   25.564|
b<0>           |C<2>           |   31.742|
b<0>           |Cout           |   38.388|
b<0>           |S<0>           |    7.170|
b<0>           |S<1>           |   19.048|
b<0>           |S<2>           |   26.432|
b<0>           |S<3>           |   34.991|
b<0>           |V              |   39.823|
b<1>           |Bcom<1>        |    7.711|
b<1>           |C<1>           |   14.699|
b<1>           |C<2>           |   20.877|
b<1>           |Cout           |   27.523|
b<1>           |S<1>           |    7.843|
b<1>           |S<2>           |   15.567|
b<1>           |S<3>           |   24.126|
b<1>           |V              |   28.958|
b<2>           |Bcom<2>        |    7.561|
b<2>           |C<2>           |   13.129|
b<2>           |Cout           |   19.775|
b<2>           |S<2>           |    7.753|
b<2>           |S<3>           |   16.378|
b<2>           |V              |   21.210|
b<3>           |Bcom<3>        |    7.607|
b<3>           |Cout           |   14.406|
b<3>           |S<3>           |    7.362|
b<3>           |V              |   15.841|
m              |Bcom<0>        |   13.026|
m              |Bcom<1>        |   12.540|
m              |Bcom<2>        |   12.749|
m              |Bcom<3>        |   12.891|
m              |C<0>           |   21.562|
m              |C<1>           |   31.119|
m              |C<2>           |   37.297|
m              |Cout           |   43.943|
m              |S<1>           |   24.603|
m              |S<2>           |   31.987|
m              |S<3>           |   40.546|
m              |V              |   45.378|
---------------+---------------+---------+


Analysis completed Thu Oct 22 17:26:07 2015 
--------------------------------------------------------------------------------

Trace Settings:
-------------------------
Trace Settings 

Peak Memory Usage: 218 MB



