--------------------------------------------------------------------------------
Release 14.2 Trace  (nt64)
Copyright (c) 1995-2012 Xilinx, Inc.  All rights reserved.

C:\Xilinx\14.2\ISE_DS\ISE\bin\nt64\unwrapped\trce.exe -intstyle ise -v 3 -s 3
-n 3 -fastpaths -xml EightCounter.twx EightCounter.ncd -o EightCounter.twr
EightCounter.pcf -ucf EightCounter.ucf

Design file:              EightCounter.ncd
Physical constraint file: EightCounter.pcf
Device,package,speed:     xc6slx16,csg324,C,-3 (PRODUCTION 1.22 2012-07-09)
Report level:             verbose report

Environment Variable      Effect 
--------------------      ------ 
NONE                      No environment variables were set
--------------------------------------------------------------------------------

INFO:Timing:2698 - No timing constraints found, doing default enumeration.
INFO:Timing:3412 - To improve timing, see the Timing Closure User Guide (UG612).
INFO:Timing:2752 - To get complete path coverage, use the unconstrained paths 
   option. All paths that are not constrained will be reported in the 
   unconstrained paths section(s) of the report.
INFO:Timing:3339 - The clock-to-out numbers in this timing report are based on 
   a 50 Ohm transmission line loading model.  For the details of this model, 
   and for more information on accounting for different loading conditions, 
   please see the device datasheet.



Data Sheet report:
-----------------
All values displayed in nanoseconds (ns)

Clock trigger to Pad
------------+-----------------+------------+-----------------+------------+------------------+--------+
            |Max (slowest) clk|  Process   |Min (fastest) clk|  Process   |                  | Clock  |
Destination |  (edge) to PAD  |   Corner   |  (edge) to PAD  |   Corner   |Internal Clock(s) | Phase  |
------------+-----------------+------------+-----------------+------------+------------------+--------+
Y<0>        |         7.268(R)|      SLOW  |         3.825(R)|      FAST  |trigger_BUFGP     |   0.000|
Y<1>        |         7.515(R)|      SLOW  |         3.991(R)|      FAST  |trigger_BUFGP     |   0.000|
Y<2>        |         7.243(R)|      SLOW  |         3.818(R)|      FAST  |trigger_BUFGP     |   0.000|
Y<3>        |         7.243(R)|      SLOW  |         3.818(R)|      FAST  |trigger_BUFGP     |   0.000|
Y<4>        |         6.865(R)|      SLOW  |         3.529(R)|      FAST  |trigger_BUFGP     |   0.000|
Y<5>        |         7.040(R)|      SLOW  |         3.628(R)|      FAST  |trigger_BUFGP     |   0.000|
Y<6>        |         6.800(R)|      SLOW  |         3.495(R)|      FAST  |trigger_BUFGP     |   0.000|
Y<7>        |         6.800(R)|      SLOW  |         3.495(R)|      FAST  |trigger_BUFGP     |   0.000|
------------+-----------------+------------+-----------------+------------+------------------+--------+

Clock to Setup on destination clock trigger
---------------+---------+---------+---------+---------+
               | Src:Rise| Src:Fall| Src:Rise| Src:Fall|
Source Clock   |Dest:Rise|Dest:Rise|Dest:Fall|Dest:Fall|
---------------+---------+---------+---------+---------+
trigger        |    1.540|         |         |         |
---------------+---------+---------+---------+---------+


Analysis completed Thu Nov 12 16:57:08 2015 
--------------------------------------------------------------------------------

Trace Settings:
-------------------------
Trace Settings 

Peak Memory Usage: 217 MB



