--------------------------------------------------------------------------------
Release 14.2 Trace  (nt64)
Copyright (c) 1995-2012 Xilinx, Inc.  All rights reserved.

C:\Xilinx\14.2\ISE_DS\ISE\bin\nt64\unwrapped\trce.exe -intstyle ise -v 3 -s 3
-n 3 -fastpaths -xml goodButtonCounter.twx goodButtonCounter.ncd -o
goodButtonCounter.twr goodButtonCounter.pcf -ucf goodButtonCounter.ucf

Design file:              goodButtonCounter.ncd
Physical constraint file: goodButtonCounter.pcf
Device,package,speed:     xc6slx16,csg324,C,-3 (PRODUCTION 1.22 2012-07-09)
Report level:             verbose report

Environment Variable      Effect 
--------------------      ------ 
NONE                      No environment variables were set
--------------------------------------------------------------------------------

INFO:Timing:2698 - No timing constraints found, doing default enumeration.
INFO:Timing:3412 - To improve timing, see the Timing Closure User Guide (UG612).
INFO:Timing:2752 - To get complete path coverage, use the unconstrained paths 
   option. All paths that are not constrained will be reported in the 
   unconstrained paths section(s) of the report.
INFO:Timing:3339 - The clock-to-out numbers in this timing report are based on 
   a 50 Ohm transmission line loading model.  For the details of this model, 
   and for more information on accounting for different loading conditions, 
   please see the device datasheet.



Data Sheet report:
-----------------
All values displayed in nanoseconds (ns)

Setup/Hold to clock clk_in
------------+------------+------------+------------+------------+------------------+--------+
            |Max Setup to|  Process   |Max Hold to |  Process   |                  | Clock  |
Source      | clk (edge) |   Corner   | clk (edge) |   Corner   |Internal Clock(s) | Phase  |
------------+------------+------------+------------+------------+------------------+--------+
trigger     |    2.652(R)|      SLOW  |   -1.663(R)|      FAST  |clk_in_BUFGP      |   0.000|
------------+------------+------------+------------+------------+------------------+--------+

Clock clk_in to Pad
------------+-----------------+------------+-----------------+------------+------------------+--------+
            |Max (slowest) clk|  Process   |Min (fastest) clk|  Process   |                  | Clock  |
Destination |  (edge) to PAD  |   Corner   |  (edge) to PAD  |   Corner   |Internal Clock(s) | Phase  |
------------+-----------------+------------+-----------------+------------+------------------+--------+
down        |        11.505(R)|      SLOW  |         5.278(R)|      FAST  |clk_in_BUFGP      |   0.000|
state       |         8.589(R)|      SLOW  |         4.617(R)|      FAST  |clk_in_BUFGP      |   0.000|
up          |        11.633(R)|      SLOW  |         5.350(R)|      FAST  |clk_in_BUFGP      |   0.000|
------------+-----------------+------------+-----------------+------------+------------------+--------+

Clock to Setup on destination clock clk_in
---------------+---------+---------+---------+---------+
               | Src:Rise| Src:Fall| Src:Rise| Src:Fall|
Source Clock   |Dest:Rise|Dest:Rise|Dest:Fall|Dest:Fall|
---------------+---------+---------+---------+---------+
clk_in         |    2.701|         |         |         |
---------------+---------+---------+---------+---------+


Analysis completed Thu Nov 12 17:28:15 2015 
--------------------------------------------------------------------------------

Trace Settings:
-------------------------
Trace Settings 

Peak Memory Usage: 217 MB



